<?xml version="1.0" encoding="UTF-8"?>
<!-- Generated by org.testng.reporters.JUnitReportReporter -->
<testsuite skipped="0" hostname="INCHCMLP03299" name="org.web.automation.testcases.TC_002_DataProvider" tests="3" failures="0" timestamp="2020-08-15T14:59:00 IST" time="64.652" errors="0">
  <testcase name="tc_002" time="21.079" classname="org.web.automation.testcases.TC_002_DataProvider"/>
  <system-out/>
  <testcase name="tc_002" time="16.605" classname="org.web.automation.testcases.TC_002_DataProvider"/>
  <system-out/>
  <testcase name="tc_002" time="26.968" classname="org.web.automation.testcases.TC_002_DataProvider"/>
  <system-out/>
</testsuite> <!-- org.web.automation.testcases.TC_002_DataProvider -->
